Build started 03.10.2015 21:26:22.
     1>Project "D:\Diplom\Dip_Table\Dip_Table\Dip_Table.vcxproj" on node 2 (Build target(s)).
     1>ClCompile:
         C:\Program Files (x86)\Microsoft Visual Studio 12.0\VC\bin\CL.exe /c /AI"C:\Program Files (x86)\Reference Assemblies\Microsoft\Framework\.NETFramework\v4.5\\" /AI"C:\Program Files (x86)\Windows Kits\8.1\References\CommonConfiguration\Neutral" /AI"C:\Program Files (x86)\Reference Assemblies\Microsoft\Framework\.NETFramework\v4.5\Facades\\" /Zi /clr /nologo /W3 /WX- /Od /Oy- /D WIN32 /D _DEBUG /D _UNICODE /D UNICODE /EHa /MDd /GS /fp:precise /Zc:wchar_t /Zc:forScope /Fo"Debug\\" /Fd"Debug\vc120.pdb" /TP /FU"C:\Program Files (x86)\Reference Assemblies\Microsoft\Framework\.NETFramework\v4.5\mscorlib.dll" /FU"C:\Program Files (x86)\Reference Assemblies\Microsoft\Framework\.NETFramework\v4.5\System.Data.dll" /FU"C:\Program Files (x86)\Reference Assemblies\Microsoft\Framework\.NETFramework\v4.5\System.dll" /FU"C:\Program Files (x86)\Reference Assemblies\Microsoft\Framework\.NETFramework\v4.5\System.Drawing.dll" /FU"C:\Program Files (x86)\Reference Assemblies\Microsoft\Framework\.NETFramework\v4.5\System.Windows.Forms.dll" /FU"C:\Program Files (x86)\Reference Assemblies\Microsoft\Framework\.NETFramework\v4.5\System.Xml.dll" /analyze- /errorReport:prompt /clr:nostdlib MyForm.cpp
         MyForm.cpp
     1>MyForm.cpp(13): error C2665: 'System::Windows::Forms::Application::Run' : none of the 3 overloads could convert all the argument types
                 c:\program files (x86)\reference assemblies\microsoft\framework\.netframework\v4.5\system.windows.forms.dll: could be 'void System::Windows::Forms::Application::Run(System::Windows::Forms::ApplicationContext ^)'
                 c:\program files (x86)\reference assemblies\microsoft\framework\.netframework\v4.5\system.windows.forms.dll: or       'void System::Windows::Forms::Application::Run(System::Windows::Forms::Form ^)'
                 while trying to match the argument list '(Dip_Table::MyForm)'
     1>Done Building Project "D:\Diplom\Dip_Table\Dip_Table\Dip_Table.vcxproj" (Build target(s)) -- FAILED.

Build FAILED.

Time Elapsed 00:00:00.34
